<?xml version="1.0" encoding="UTF-8"?>
<!-- Generated by org.testng.reporters.JUnitXMLReporter -->
<testsuite ignored="0" hostname="Karima_Dell" failures="0" tests="2" name="Default test" time="9.793" errors="0" timestamp="2023-02-01T20:37:18 EST">
  <testcase classname="testNG_automation_code_feb_1st_2023.ClassAssignement" name="clickOnMyAccountLink" time="0.082"/>
  <testcase classname="testNG_automation_code_feb_1st_2023.ClassAssignement" name="clickOnWishListLink" time="0.725"/>
</testsuite> <!-- Default test -->
