<?xml version="1.0" encoding="UTF-8"?>
<!-- Generated by org.testng.reporters.JUnitXMLReporter -->
<testsuite ignored="0" hostname="Karima_Dell" failures="0" tests="5" name="Test" time="0.062" errors="0" timestamp="2023-02-07T19:14:38 EST">
  <testcase classname="automation_code_7th.Walmart" name="WalmartTest" time="0.007"/>
  <testcase classname="automation_code_7th.Costco" name="costcoTest" time="0.002"/>
  <testcase classname="automation_code_7th.Rediff" name="RediffTest" time="0.0"/>
  <testcase classname="automation_code_7th.Flipcart" name="flipcartTest" time="0.001"/>
  <testcase classname="automation_code_7th.Amazon" name="amazonTest" time="0.002"/>
</testsuite> <!-- Test -->
