<?xml version="1.0" encoding="UTF-8"?>
<testng-results ignored="0" total="4" passed="3" failed="1" skipped="0">
  <reporter-output>
  </reporter-output>
  <suite started-at="2023-02-07T23:56:15 EST" name="Default suite" finished-at="2023-02-07T23:59:05 EST" duration-ms="170069">
    <groups>
    </groups>
    <test started-at="2023-02-07T23:56:15 EST" name="Default test" finished-at="2023-02-07T23:59:05 EST" duration-ms="170069">
      <class name="testng_hardvssoftassert_feb_7th.Rediff_Assert">
        <test-method is-config="true" signature="launch()[pri:0, instance:testng_hardvssoftassert_feb_7th.Rediff_Assert@49049a04]" started-at="2023-02-07T23:56:15 EST" name="launch" finished-at="2023-02-07T23:56:22 EST" duration-ms="6946" status="PASS">
          <reporter-output>
          </reporter-output>
        </test-method> <!-- launch -->
        <test-method signature="clickOnLoginTest()[pri:0, instance:testng_hardvssoftassert_feb_7th.Rediff_Assert@49049a04]" started-at="2023-02-07T23:56:22 EST" name="clickOnLoginTest" finished-at="2023-02-07T23:57:52 EST" duration-ms="90053" status="PASS">
          <reporter-output>
          </reporter-output>
        </test-method> <!-- clickOnLoginTest -->
        <test-method is-config="true" signature="teardown()[pri:0, instance:testng_hardvssoftassert_feb_7th.Rediff_Assert@49049a04]" started-at="2023-02-07T23:57:52 EST" name="teardown" finished-at="2023-02-07T23:57:53 EST" duration-ms="455" status="PASS">
          <reporter-output>
          </reporter-output>
        </test-method> <!-- teardown -->
        <test-method is-config="true" signature="launch()[pri:0, instance:testng_hardvssoftassert_feb_7th.Rediff_Assert@49049a04]" started-at="2023-02-07T23:57:53 EST" name="launch" finished-at="2023-02-07T23:58:07 EST" duration-ms="14277" status="PASS">
          <reporter-output>
          </reporter-output>
        </test-method> <!-- launch -->
        <test-method signature="enterCredentialsTest()[pri:0, instance:testng_hardvssoftassert_feb_7th.Rediff_Assert@49049a04]" started-at="2023-02-07T23:58:07 EST" name="enterCredentialsTest" finished-at="2023-02-07T23:58:21 EST" duration-ms="14344" status="PASS">
          <reporter-output>
          </reporter-output>
        </test-method> <!-- enterCredentialsTest -->
        <test-method is-config="true" signature="teardown()[pri:0, instance:testng_hardvssoftassert_feb_7th.Rediff_Assert@49049a04]" started-at="2023-02-07T23:58:21 EST" name="teardown" finished-at="2023-02-07T23:58:22 EST" duration-ms="191" status="PASS">
          <reporter-output>
          </reporter-output>
        </test-method> <!-- teardown -->
        <test-method is-config="true" signature="launch()[pri:0, instance:testng_hardvssoftassert_feb_7th.Rediff_Assert@49049a04]" started-at="2023-02-07T23:58:22 EST" name="launch" finished-at="2023-02-07T23:58:28 EST" duration-ms="6331" status="PASS">
          <reporter-output>
          </reporter-output>
        </test-method> <!-- launch -->
        <test-method signature="logOutTest()[pri:0, instance:testng_hardvssoftassert_feb_7th.Rediff_Assert@49049a04]" started-at="2023-02-07T23:58:28 EST" name="logOutTest" finished-at="2023-02-07T23:58:45 EST" duration-ms="16914" status="PASS">
          <reporter-output>
          </reporter-output>
        </test-method> <!-- logOutTest -->
        <test-method is-config="true" signature="teardown()[pri:0, instance:testng_hardvssoftassert_feb_7th.Rediff_Assert@49049a04]" started-at="2023-02-07T23:58:45 EST" name="teardown" finished-at="2023-02-07T23:58:45 EST" duration-ms="143" status="PASS">
          <reporter-output>
          </reporter-output>
        </test-method> <!-- teardown -->
        <test-method is-config="true" signature="launch()[pri:0, instance:testng_hardvssoftassert_feb_7th.Rediff_Assert@49049a04]" started-at="2023-02-07T23:58:45 EST" name="launch" finished-at="2023-02-07T23:58:51 EST" duration-ms="5556" status="PASS">
          <reporter-output>
          </reporter-output>
        </test-method> <!-- launch -->
        <test-method signature="validateLogOutPageTest()[pri:0, instance:testng_hardvssoftassert_feb_7th.Rediff_Assert@49049a04]" started-at="2023-02-07T23:58:51 EST" name="validateLogOutPageTest" finished-at="2023-02-07T23:59:05 EST" duration-ms="14578" status="FAIL">
          <exception class="org.openqa.selenium.WebDriverException">
            <message>
              <![CDATA[unknown error: cannot determine loading status
from disconnected: unable to send message to renderer
  (Session info: chrome=109.0.5414.120)
Build info: version: '4.7.2', revision: '4d4020c3b7'
System info: os.name: 'Windows 11', os.arch: 'amd64', os.version: '10.0', java.version: '17.0.5'
Driver info: org.openqa.selenium.chrome.ChromeDriver
Command: [ffe91881e2cb174b5c40acc8371b2d35, clickElement {id=ee88bf2c-ea98-45b0-893b-aceb8d223f42}]
Capabilities {acceptInsecureCerts: false, browserName: chrome, browserVersion: 109.0.5414.120, chrome: {chromedriverVersion: 109.0.5414.74 (e7c5703604da..., userDataDir: C:\Users\bouto\AppData\Loca...}, goog:chromeOptions: {debuggerAddress: localhost:56033}, networkConnectionEnabled: false, pageLoadStrategy: normal, platformName: WINDOWS, proxy: Proxy(), se:cdp: ws://localhost:56033/devtoo..., se:cdpVersion: 109.0.5414.120, setWindowRect: true, strictFileInteractability: false, timeouts: {implicit: 0, pageLoad: 300000, script: 30000}, unhandledPromptBehavior: dismiss and notify, webauthn:extension:credBlob: true, webauthn:extension:largeBlob: true, webauthn:virtualAuthenticators: true}
Element: [[ChromeDriver: chrome on WINDOWS (ffe91881e2cb174b5c40acc8371b2d35)] -> class name: signin]
Session ID: ffe91881e2cb174b5c40acc8371b2d35]]>
            </message>
            <full-stacktrace>
              <![CDATA[org.openqa.selenium.WebDriverException: unknown error: cannot determine loading status
from disconnected: unable to send message to renderer
  (Session info: chrome=109.0.5414.120)
Build info: version: '4.7.2', revision: '4d4020c3b7'
System info: os.name: 'Windows 11', os.arch: 'amd64', os.version: '10.0', java.version: '17.0.5'
Driver info: org.openqa.selenium.chrome.ChromeDriver
Command: [ffe91881e2cb174b5c40acc8371b2d35, clickElement {id=ee88bf2c-ea98-45b0-893b-aceb8d223f42}]
Capabilities {acceptInsecureCerts: false, browserName: chrome, browserVersion: 109.0.5414.120, chrome: {chromedriverVersion: 109.0.5414.74 (e7c5703604da..., userDataDir: C:\Users\bouto\AppData\Loca...}, goog:chromeOptions: {debuggerAddress: localhost:56033}, networkConnectionEnabled: false, pageLoadStrategy: normal, platformName: WINDOWS, proxy: Proxy(), se:cdp: ws://localhost:56033/devtoo..., se:cdpVersion: 109.0.5414.120, setWindowRect: true, strictFileInteractability: false, timeouts: {implicit: 0, pageLoad: 300000, script: 30000}, unhandledPromptBehavior: dismiss and notify, webauthn:extension:credBlob: true, webauthn:extension:largeBlob: true, webauthn:virtualAuthenticators: true}
Element: [[ChromeDriver: chrome on WINDOWS (ffe91881e2cb174b5c40acc8371b2d35)] -> class name: signin]
Session ID: ffe91881e2cb174b5c40acc8371b2d35
at java.base/jdk.internal.reflect.NativeConstructorAccessorImpl.newInstance0(Native Method)
at java.base/jdk.internal.reflect.NativeConstructorAccessorImpl.newInstance(NativeConstructorAccessorImpl.java:77)
at java.base/jdk.internal.reflect.DelegatingConstructorAccessorImpl.newInstance(DelegatingConstructorAccessorImpl.java:45)
at java.base/java.lang.reflect.Constructor.newInstanceWithCaller(Constructor.java:499)
at java.base/java.lang.reflect.Constructor.newInstance(Constructor.java:480)
at org.openqa.selenium.remote.codec.w3c.W3CHttpResponseCodec.createException(W3CHttpResponseCodec.java:200)
at org.openqa.selenium.remote.codec.w3c.W3CHttpResponseCodec.decode(W3CHttpResponseCodec.java:133)
at org.openqa.selenium.remote.codec.w3c.W3CHttpResponseCodec.decode(W3CHttpResponseCodec.java:53)
at org.openqa.selenium.remote.HttpCommandExecutor.execute(HttpCommandExecutor.java:184)
at org.openqa.selenium.remote.service.DriverCommandExecutor.invokeExecute(DriverCommandExecutor.java:167)
at org.openqa.selenium.remote.service.DriverCommandExecutor.execute(DriverCommandExecutor.java:142)
at org.openqa.selenium.remote.RemoteWebDriver.execute(RemoteWebDriver.java:535)
at org.openqa.selenium.remote.RemoteWebElement.execute(RemoteWebElement.java:257)
at org.openqa.selenium.remote.RemoteWebElement.click(RemoteWebElement.java:78)
at testng_hardvssoftassert_feb_7th.Rediff_Assert.validateLogOutPageTest(Rediff_Assert.java:50)
at java.base/jdk.internal.reflect.NativeMethodAccessorImpl.invoke0(Native Method)
at java.base/jdk.internal.reflect.NativeMethodAccessorImpl.invoke(NativeMethodAccessorImpl.java:77)
at java.base/jdk.internal.reflect.DelegatingMethodAccessorImpl.invoke(DelegatingMethodAccessorImpl.java:43)
at java.base/java.lang.reflect.Method.invoke(Method.java:568)
at org.testng.internal.MethodInvocationHelper.invokeMethod(MethodInvocationHelper.java:133)
at org.testng.internal.TestInvoker.invokeMethod(TestInvoker.java:598)
at org.testng.internal.TestInvoker.invokeTestMethod(TestInvoker.java:173)
at org.testng.internal.MethodRunner.runInSequence(MethodRunner.java:46)
at org.testng.internal.TestInvoker$MethodInvocationAgent.invoke(TestInvoker.java:824)
at org.testng.internal.TestInvoker.invokeTestMethods(TestInvoker.java:146)
at org.testng.internal.TestMethodWorker.invokeTestMethods(TestMethodWorker.java:146)
at org.testng.internal.TestMethodWorker.run(TestMethodWorker.java:128)
at java.base/java.util.ArrayList.forEach(ArrayList.java:1511)
at org.testng.TestRunner.privateRun(TestRunner.java:794)
at org.testng.TestRunner.run(TestRunner.java:596)
at org.testng.SuiteRunner.runTest(SuiteRunner.java:377)
at org.testng.SuiteRunner.runSequentially(SuiteRunner.java:371)
at org.testng.SuiteRunner.privateRun(SuiteRunner.java:332)
at org.testng.SuiteRunner.run(SuiteRunner.java:276)
at org.testng.SuiteRunnerWorker.runSuite(SuiteRunnerWorker.java:53)
at org.testng.SuiteRunnerWorker.run(SuiteRunnerWorker.java:96)
at org.testng.TestNG.runSuitesSequentially(TestNG.java:1212)
at org.testng.TestNG.runSuitesLocally(TestNG.java:1134)
at org.testng.TestNG.runSuites(TestNG.java:1063)
at org.testng.TestNG.run(TestNG.java:1031)
at org.testng.remote.AbstractRemoteTestNG.run(AbstractRemoteTestNG.java:115)
at org.testng.remote.RemoteTestNG.initAndRun(RemoteTestNG.java:251)
at org.testng.remote.RemoteTestNG.main(RemoteTestNG.java:77)
]]>
            </full-stacktrace>
          </exception> <!-- org.openqa.selenium.WebDriverException -->
          <reporter-output>
          </reporter-output>
        </test-method> <!-- validateLogOutPageTest -->
        <test-method is-config="true" signature="teardown()[pri:0, instance:testng_hardvssoftassert_feb_7th.Rediff_Assert@49049a04]" started-at="2023-02-07T23:59:05 EST" name="teardown" finished-at="2023-02-07T23:59:05 EST" duration-ms="194" status="PASS">
          <reporter-output>
          </reporter-output>
        </test-method> <!-- teardown -->
      </class> <!-- testng_hardvssoftassert_feb_7th.Rediff_Assert -->
    </test> <!-- Default test -->
  </suite> <!-- Default suite -->
</testng-results>
